{
  "RSpec": {
    "coverage": {
      "/Users/learnacademy/Desktop/Alpha 2023/alpha-pulse/app/models/user.rb": {
        "lines": [
          1,
          null,
          null,
          1,
          1,
          1,
          null,
          1,
          1,
          null
        ]
      },
      "/Users/learnacademy/Desktop/Alpha 2023/alpha-pulse/app/models/application_record.rb": {
        "lines": [
          1,
          1,
          null
        ]
      },
      "/Users/learnacademy/Desktop/Alpha 2023/alpha-pulse/app/models/comment.rb": {
        "lines": [
          1,
          1,
          1,
          1,
          null
        ]
      },
      "/Users/learnacademy/Desktop/Alpha 2023/alpha-pulse/app/models/workout.rb": {
        "lines": [
          1,
          1,
          1,
          1,
          null
        ]
      },
      "/Users/learnacademy/Desktop/Alpha 2023/alpha-pulse/app/controllers/workouts_controller.rb": {
        "lines": [
          1,
          1,
          1,
          1,
          null,
          null,
          1,
          11,
          11,
          10,
          null,
          1,
          null,
          null,
          null,
          1,
          9,
          9,
          9,
          6,
          null,
          3,
          null,
          null,
          null,
          1,
          1,
          20,
          null,
          null
        ]
      },
      "/Users/learnacademy/Desktop/Alpha 2023/alpha-pulse/app/controllers/application_controller.rb": {
        "lines": [
          1,
          1,
          null
        ]
      },
      "/Users/learnacademy/Desktop/Alpha 2023/alpha-pulse/app/controllers/comments_controller.rb": {
        "lines": [
          null,
          null
        ],
        "branches": {
        }
      },
      "/Users/learnacademy/Desktop/Alpha 2023/alpha-pulse/app/controllers/home_controller.rb": {
        "lines": [

        ],
        "branches": {
        }
      }
    },
    "timestamp": 1682395865
  }
}
