<?xml version="1.0" encoding="UTF-8"?>
<coverage generated="1682452580007" clover="3.2.0">
  <project timestamp="1682452580008" name="All files">
    <metrics statements="34" coveredstatements="27" conditionals="12" coveredconditionals="7" methods="15" coveredmethods="9" elements="61" coveredelements="43" complexity="0" loc="34" ncloc="34" packages="4" files="8" classes="8"/>
    <package name="app.javascript.components">
      <metrics statements="1" coveredstatements="1" conditionals="0" coveredconditionals="0" methods="0" coveredmethods="0"/>
      <file name="fakeWorkouts.js" path="/Users/learnacademy/Desktop/Alpha 2023/alpha-pulse/app/javascript/components/fakeWorkouts.js">
        <metrics statements="1" coveredstatements="1" conditionals="0" coveredconditionals="0" methods="0" coveredmethods="0"/>
        <line num="1" count="1" type="stmt"/>
      </file>
    </package>
    <package name="app.javascript.components.components">
      <metrics statements="11" coveredstatements="10" conditionals="4" coveredconditionals="4" methods="5" coveredmethods="3"/>
      <file name="DropDown.js" path="/Users/learnacademy/Desktop/Alpha 2023/alpha-pulse/app/javascript/components/components/DropDown.js">
        <metrics statements="7" coveredstatements="6" conditionals="0" coveredconditionals="0" methods="3" coveredmethods="2"/>
        <line num="6" count="1" type="stmt"/>
        <line num="15" count="1" type="stmt"/>
        <line num="26" count="1" type="stmt"/>
        <line num="28" count="1" type="stmt"/>
        <line num="29" count="1" type="stmt"/>
        <line num="35" count="0" type="stmt"/>
        <line num="41" count="1" type="stmt"/>
      </file>
      <file name="Header.js" path="/Users/learnacademy/Desktop/Alpha 2023/alpha-pulse/app/javascript/components/components/Header.js">
        <metrics statements="4" coveredstatements="4" conditionals="4" coveredconditionals="4" methods="2" coveredmethods="1"/>
        <line num="16" count="1" type="stmt"/>
        <line num="23" count="3" type="stmt"/>
        <line num="25" count="3" type="stmt"/>
        <line num="27" count="3" type="stmt"/>
      </file>
    </package>
    <package name="app.javascript.components.pages">
      <metrics statements="22" coveredstatements="16" conditionals="8" coveredconditionals="3" methods="10" coveredmethods="6"/>
      <file name="About.js" path="/Users/learnacademy/Desktop/Alpha 2023/alpha-pulse/app/javascript/components/pages/About.js">
        <metrics statements="14" coveredstatements="9" conditionals="4" coveredconditionals="0" methods="5" coveredmethods="2"/>
        <line num="17" count="1" type="stmt"/>
        <line num="18" count="9" type="stmt"/>
        <line num="19" count="9" type="stmt"/>
        <line num="54" count="9" type="stmt"/>
        <line num="55" count="0" type="cond" truecount="0" falsecount="2"/>
        <line num="56" count="0" type="stmt"/>
        <line num="59" count="9" type="stmt"/>
        <line num="60" count="0" type="cond" truecount="0" falsecount="2"/>
        <line num="61" count="0" type="stmt"/>
        <line num="64" count="9" type="stmt"/>
        <line num="65" count="0" type="stmt"/>
        <line num="68" count="9" type="stmt"/>
        <line num="69" count="36" type="stmt"/>
        <line num="82" count="9" type="stmt"/>
      </file>
      <file name="FakerWorkouts.js" path="/Users/learnacademy/Desktop/Alpha 2023/alpha-pulse/app/javascript/components/pages/FakerWorkouts.js">
        <metrics statements="3" coveredstatements="3" conditionals="0" coveredconditionals="0" methods="2" coveredmethods="2"/>
        <line num="5" count="1" type="stmt"/>
        <line num="6" count="1" type="stmt"/>
        <line num="10" count="3" type="stmt"/>
      </file>
      <file name="Home.js" path="/Users/learnacademy/Desktop/Alpha 2023/alpha-pulse/app/javascript/components/pages/Home.js">
        <metrics statements="2" coveredstatements="2" conditionals="0" coveredconditionals="0" methods="1" coveredmethods="1"/>
        <line num="4" count="1" type="stmt"/>
        <line num="5" count="1" type="stmt"/>
      </file>
      <file name="IndexWorkouts.js" path="/Users/learnacademy/Desktop/Alpha 2023/alpha-pulse/app/javascript/components/pages/IndexWorkouts.js">
        <metrics statements="3" coveredstatements="2" conditionals="4" coveredconditionals="3" methods="2" coveredmethods="1"/>
        <line num="6" count="1" type="stmt"/>
        <line num="7" count="1" type="stmt"/>
        <line num="10" count="0" type="stmt"/>
      </file>
    </package>
    <package name="mocks">
      <metrics statements="0" coveredstatements="0" conditionals="0" coveredconditionals="0" methods="0" coveredmethods="0"/>
      <file name="fileMock.js" path="/Users/learnacademy/Desktop/Alpha 2023/alpha-pulse/mocks/fileMock.js">
        <metrics statements="0" coveredstatements="0" conditionals="0" coveredconditionals="0" methods="0" coveredmethods="0"/>
      </file>
    </package>
  </project>
</coverage>
