{"/Users/learnacademy/Desktop/Alpha 2023/alpha-pulse/app/javascript/components/fakeWorkouts.js": {"path":"/Users/learnacademy/Desktop/Alpha 2023/alpha-pulse/app/javascript/components/fakeWorkouts.js","statementMap":{"0":{"start":{"line":1,"column":21},"end":{"line":23,"column":1}}},"fnMap":{},"branchMap":{},"s":{"0":1},"f":{},"b":{},"_coverageSchema":"1a1c01bbd47fc00a2c39e90264f33305004495a9","hash":"30f8b81c90877dc60f11093704ebcfbecc99bb8d"}
,"/Users/learnacademy/Desktop/Alpha 2023/alpha-pulse/app/javascript/components/components/DropDown.js": {"path":"/Users/learnacademy/Desktop/Alpha 2023/alpha-pulse/app/javascript/components/components/DropDown.js","statementMap":{"0":{"start":{"line":6,"column":0},"end":{"line":13,"column":2}},"1":{"start":{"line":15,"column":0},"end":{"line":22,"column":2}},"2":{"start":{"line":26,"column":4},"end":{"line":26,"column":17}},"3":{"start":{"line":28,"column":4},"end":{"line":28,"column":41}},"4":{"start":{"line":29,"column":4},"end":{"line":31,"column":6}},"5":{"start":{"line":35,"column":4},"end":{"line":37,"column":7}},"6":{"start":{"line":41,"column":4},"end":{"line":53,"column":6}}},"fnMap":{"0":{"name":"(anonymous_0)","decl":{"start":{"line":25,"column":2},"end":{"line":25,"column":3}},"loc":{"start":{"line":25,"column":21},"end":{"line":32,"column":3}},"line":25},"1":{"name":"(anonymous_1)","decl":{"start":{"line":34,"column":2},"end":{"line":34,"column":3}},"loc":{"start":{"line":34,"column":11},"end":{"line":38,"column":3}},"line":34},"2":{"name":"(anonymous_2)","decl":{"start":{"line":40,"column":2},"end":{"line":40,"column":3}},"loc":{"start":{"line":40,"column":11},"end":{"line":54,"column":3}},"line":40}},"branchMap":{},"s":{"0":1,"1":1,"2":1,"3":1,"4":1,"5":0,"6":1},"f":{"0":1,"1":0,"2":1},"b":{},"_coverageSchema":"1a1c01bbd47fc00a2c39e90264f33305004495a9","hash":"8d9676b9dd18b8e3121ecca6ab7bfe7dc007b0dd"}
,"/Users/learnacademy/Desktop/Alpha 2023/alpha-pulse/app/javascript/components/components/Header.js": {"path":"/Users/learnacademy/Desktop/Alpha 2023/alpha-pulse/app/javascript/components/components/Header.js","statementMap":{"0":{"start":{"line":16,"column":15},"end":{"line":62,"column":1}},"1":{"start":{"line":23,"column":30},"end":{"line":23,"column":45}},"2":{"start":{"line":25,"column":17},"end":{"line":25,"column":41}},"3":{"start":{"line":25,"column":23},"end":{"line":25,"column":41}},"4":{"start":{"line":27,"column":2},"end":{"line":61,"column":3}}},"fnMap":{"0":{"name":"(anonymous_0)","decl":{"start":{"line":16,"column":15},"end":{"line":16,"column":16}},"loc":{"start":{"line":22,"column":6},"end":{"line":62,"column":1}},"line":22},"1":{"name":"(anonymous_1)","decl":{"start":{"line":25,"column":17},"end":{"line":25,"column":18}},"loc":{"start":{"line":25,"column":23},"end":{"line":25,"column":41}},"line":25}},"branchMap":{"0":{"loc":{"start":{"line":37,"column":13},"end":{"line":46,"column":13}},"type":"binary-expr","locations":[{"start":{"line":37,"column":13},"end":{"line":37,"column":22}},{"start":{"line":38,"column":14},"end":{"line":45,"column":17}}],"line":37},"1":{"loc":{"start":{"line":47,"column":13},"end":{"line":56,"column":13}},"type":"binary-expr","locations":[{"start":{"line":47,"column":13},"end":{"line":47,"column":23}},{"start":{"line":48,"column":14},"end":{"line":55,"column":17}}],"line":47}},"s":{"0":1,"1":3,"2":3,"3":0,"4":3},"f":{"0":3,"1":0},"b":{"0":[3,1],"1":[3,2]},"_coverageSchema":"1a1c01bbd47fc00a2c39e90264f33305004495a9","hash":"0247be75c6bc86142c7010ddf200e59ced19a597"}
,"/Users/learnacademy/Desktop/Alpha 2023/alpha-pulse/app/javascript/components/pages/About.js": {"path":"/Users/learnacademy/Desktop/Alpha 2023/alpha-pulse/app/javascript/components/pages/About.js","statementMap":{"0":{"start":{"line":17,"column":14},"end":{"line":117,"column":1}},"1":{"start":{"line":18,"column":40},"end":{"line":18,"column":51}},"2":{"start":{"line":19,"column":28},"end":{"line":52,"column":4}},"3":{"start":{"line":54,"column":15},"end":{"line":57,"column":3}},"4":{"start":{"line":55,"column":22},"end":{"line":55,"column":76}},"5":{"start":{"line":56,"column":4},"end":{"line":56,"column":30}},"6":{"start":{"line":59,"column":19},"end":{"line":62,"column":3}},"7":{"start":{"line":60,"column":22},"end":{"line":60,"column":76}},"8":{"start":{"line":61,"column":4},"end":{"line":61,"column":30}},"9":{"start":{"line":64,"column":20},"end":{"line":66,"column":3}},"10":{"start":{"line":65,"column":4},"end":{"line":65,"column":29}},"11":{"start":{"line":68,"column":17},"end":{"line":80,"column":4}},"12":{"start":{"line":69,"column":4},"end":{"line":79,"column":6}},"13":{"start":{"line":82,"column":2},"end":{"line":116,"column":4}}},"fnMap":{"0":{"name":"(anonymous_0)","decl":{"start":{"line":17,"column":14},"end":{"line":17,"column":15}},"loc":{"start":{"line":17,"column":20},"end":{"line":117,"column":1}},"line":17},"1":{"name":"(anonymous_1)","decl":{"start":{"line":54,"column":15},"end":{"line":54,"column":16}},"loc":{"start":{"line":54,"column":21},"end":{"line":57,"column":3}},"line":54},"2":{"name":"(anonymous_2)","decl":{"start":{"line":59,"column":19},"end":{"line":59,"column":20}},"loc":{"start":{"line":59,"column":25},"end":{"line":62,"column":3}},"line":59},"3":{"name":"(anonymous_3)","decl":{"start":{"line":64,"column":20},"end":{"line":64,"column":21}},"loc":{"start":{"line":64,"column":34},"end":{"line":66,"column":3}},"line":64},"4":{"name":"(anonymous_4)","decl":{"start":{"line":68,"column":27},"end":{"line":68,"column":28}},"loc":{"start":{"line":68,"column":37},"end":{"line":80,"column":3}},"line":68}},"branchMap":{"0":{"loc":{"start":{"line":55,"column":22},"end":{"line":55,"column":76}},"type":"cond-expr","locations":[{"start":{"line":55,"column":57},"end":{"line":55,"column":58}},{"start":{"line":55,"column":61},"end":{"line":55,"column":76}}],"line":55},"1":{"loc":{"start":{"line":60,"column":22},"end":{"line":60,"column":76}},"type":"cond-expr","locations":[{"start":{"line":60,"column":42},"end":{"line":60,"column":58}},{"start":{"line":60,"column":61},"end":{"line":60,"column":76}}],"line":60}},"s":{"0":1,"1":9,"2":9,"3":9,"4":0,"5":0,"6":9,"7":0,"8":0,"9":9,"10":0,"11":9,"12":36,"13":9},"f":{"0":9,"1":0,"2":0,"3":0,"4":36},"b":{"0":[0,0],"1":[0,0]},"_coverageSchema":"1a1c01bbd47fc00a2c39e90264f33305004495a9","hash":"42c7188518daa3e11375a98a587770e88bcf50ce"}
,"/Users/learnacademy/Desktop/Alpha 2023/alpha-pulse/app/javascript/components/pages/FakerWorkouts.js": {"path":"/Users/learnacademy/Desktop/Alpha 2023/alpha-pulse/app/javascript/components/pages/FakerWorkouts.js","statementMap":{"0":{"start":{"line":5,"column":22},"end":{"line":40,"column":1}},"1":{"start":{"line":6,"column":2},"end":{"line":39,"column":4}},"2":{"start":{"line":10,"column":6},"end":{"line":36,"column":9}}},"fnMap":{"0":{"name":"(anonymous_0)","decl":{"start":{"line":5,"column":22},"end":{"line":5,"column":23}},"loc":{"start":{"line":5,"column":28},"end":{"line":40,"column":1}},"line":5},"1":{"name":"(anonymous_1)","decl":{"start":{"line":9,"column":22},"end":{"line":9,"column":23}},"loc":{"start":{"line":9,"column":39},"end":{"line":36,"column":10}},"line":9}},"branchMap":{},"s":{"0":1,"1":1,"2":3},"f":{"0":1,"1":3},"b":{},"_coverageSchema":"1a1c01bbd47fc00a2c39e90264f33305004495a9","hash":"08c55927b17db33efa2944ebc9521a149ba4bb2a"}
,"/Users/learnacademy/Desktop/Alpha 2023/alpha-pulse/app/javascript/components/pages/Home.js": {"path":"/Users/learnacademy/Desktop/Alpha 2023/alpha-pulse/app/javascript/components/pages/Home.js","statementMap":{"0":{"start":{"line":4,"column":13},"end":{"line":15,"column":1}},"1":{"start":{"line":5,"column":2},"end":{"line":14,"column":3}}},"fnMap":{"0":{"name":"(anonymous_0)","decl":{"start":{"line":4,"column":13},"end":{"line":4,"column":14}},"loc":{"start":{"line":4,"column":19},"end":{"line":15,"column":1}},"line":4}},"branchMap":{},"s":{"0":1,"1":1},"f":{"0":1},"b":{},"_coverageSchema":"1a1c01bbd47fc00a2c39e90264f33305004495a9","hash":"874c34ddec60cfb126fd40f707b3b8dddbf2c12b"}
,"/Users/learnacademy/Desktop/Alpha 2023/alpha-pulse/app/javascript/components/pages/IndexWorkouts.js": {"path":"/Users/learnacademy/Desktop/Alpha 2023/alpha-pulse/app/javascript/components/pages/IndexWorkouts.js","statementMap":{"0":{"start":{"line":6,"column":22},"end":{"line":46,"column":1}},"1":{"start":{"line":7,"column":2},"end":{"line":45,"column":4}},"2":{"start":{"line":10,"column":8},"end":{"line":33,"column":15}}},"fnMap":{"0":{"name":"(anonymous_0)","decl":{"start":{"line":6,"column":22},"end":{"line":6,"column":23}},"loc":{"start":{"line":6,"column":51},"end":{"line":46,"column":1}},"line":6},"1":{"name":"(anonymous_1)","decl":{"start":{"line":9,"column":33},"end":{"line":9,"column":34}},"loc":{"start":{"line":10,"column":8},"end":{"line":33,"column":15}},"line":10}},"branchMap":{"0":{"loc":{"start":{"line":9,"column":7},"end":{"line":34,"column":8}},"type":"binary-expr","locations":[{"start":{"line":9,"column":7},"end":{"line":9,"column":16}},{"start":{"line":9,"column":20},"end":{"line":34,"column":8}}],"line":9},"1":{"loc":{"start":{"line":35,"column":7},"end":{"line":35,"column":38}},"type":"binary-expr","locations":[{"start":{"line":35,"column":7},"end":{"line":35,"column":17}},{"start":{"line":35,"column":21},"end":{"line":35,"column":38}}],"line":35}},"s":{"0":1,"1":1,"2":0},"f":{"0":1,"1":0},"b":{"0":[1,0],"1":[1,1]},"_coverageSchema":"1a1c01bbd47fc00a2c39e90264f33305004495a9","hash":"8a20528d183ee39409d008db63f15ce22671206c"}
,"/Users/learnacademy/Desktop/Alpha 2023/alpha-pulse/mocks/fileMock.js": {"path":"/Users/learnacademy/Desktop/Alpha 2023/alpha-pulse/mocks/fileMock.js","statementMap":{},"fnMap":{},"branchMap":{},"s":{},"f":{},"b":{},"_coverageSchema":"1a1c01bbd47fc00a2c39e90264f33305004495a9","hash":"ca69e91a2100c5f7f8edb6cc38449f959a8f5751"}
}
