TN:
SF:app/javascript/components/fakeWorkouts.js
FNF:0
FNH:0
DA:1,1
LF:1
LH:1
BRF:0
BRH:0
end_of_record
TN:
SF:app/javascript/components/components/DropDown.js
FN:25,(anonymous_0)
FN:34,(anonymous_1)
FN:40,(anonymous_2)
FNF:3
FNH:2
FNDA:1,(anonymous_0)
FNDA:0,(anonymous_1)
FNDA:1,(anonymous_2)
DA:6,1
DA:15,1
DA:26,1
DA:28,1
DA:29,1
DA:35,0
DA:41,1
LF:7
LH:6
BRF:0
BRH:0
end_of_record
TN:
SF:app/javascript/components/components/Header.js
FN:16,(anonymous_0)
FN:25,(anonymous_1)
FNF:2
FNH:1
FNDA:3,(anonymous_0)
FNDA:0,(anonymous_1)
DA:16,1
DA:23,3
DA:25,3
DA:27,3
LF:4
LH:4
BRDA:37,0,0,3
BRDA:37,0,1,1
BRDA:47,1,0,3
BRDA:47,1,1,2
BRF:4
BRH:4
end_of_record
TN:
SF:app/javascript/components/pages/About.js
FN:17,(anonymous_0)
FN:54,(anonymous_1)
FN:59,(anonymous_2)
FN:64,(anonymous_3)
FN:68,(anonymous_4)
FNF:5
FNH:2
FNDA:9,(anonymous_0)
FNDA:0,(anonymous_1)
FNDA:0,(anonymous_2)
FNDA:0,(anonymous_3)
FNDA:36,(anonymous_4)
DA:17,1
DA:18,9
DA:19,9
DA:54,9
DA:55,0
DA:56,0
DA:59,9
DA:60,0
DA:61,0
DA:64,9
DA:65,0
DA:68,9
DA:69,36
DA:82,9
LF:14
LH:9
BRDA:55,0,0,0
BRDA:55,0,1,0
BRDA:60,1,0,0
BRDA:60,1,1,0
BRF:4
BRH:0
end_of_record
TN:
SF:app/javascript/components/pages/FakerWorkouts.js
FN:5,(anonymous_0)
FN:9,(anonymous_1)
FNF:2
FNH:2
FNDA:1,(anonymous_0)
FNDA:3,(anonymous_1)
DA:5,1
DA:6,1
DA:10,3
LF:3
LH:3
BRF:0
BRH:0
end_of_record
TN:
SF:app/javascript/components/pages/Home.js
FN:4,(anonymous_0)
FNF:1
FNH:1
FNDA:1,(anonymous_0)
DA:4,1
DA:5,1
LF:2
LH:2
BRF:0
BRH:0
end_of_record
TN:
SF:app/javascript/components/pages/IndexWorkouts.js
FN:6,(anonymous_0)
FN:9,(anonymous_1)
FNF:2
FNH:1
FNDA:1,(anonymous_0)
FNDA:0,(anonymous_1)
DA:6,1
DA:7,1
DA:10,0
LF:3
LH:2
BRDA:9,0,0,1
BRDA:9,0,1,0
BRDA:35,1,0,1
BRDA:35,1,1,1
BRF:4
BRH:3
end_of_record
TN:
SF:mocks/fileMock.js
FNF:0
FNH:0
LF:0
LH:0
BRF:0
BRH:0
end_of_record
